
> rest-express@1.0.0 dev
> NODE_ENV=development tsx server/index.ts

PYTHON_SERVICE_URL loaded as: http://127.0.0.1:8000
LinkedIn Service initialized with:
- Client ID: 866mgsuw...
- Client Secret: SET
- Redirect URI: http://127.0.0.1:5000/auth/linkedin/callback
Registering routes...
Starting minimal routes for LinkedIn GAI testing
User exists, finding existing user ID...
Using existing user ID: 8a3185d98cbe75155863e1188697ef2e
Routes registered successfully
Routes registered successfully
Server running on port 5000
Browserslist: browsers data (caniuse-lite) is 10 months old. Please run:
  npx update-browserslist-db@latest
  Why you should do it regularly: https://github.com/browserslist/update-db#readme
1:12:57 AM [express] GET /api/chat/history 200 in 15ms
1:13:29 AM [express] GET /api/linkedin/auth-url 200 in 2ms :: {"success":true,"authUrl":"https://www…
1:13:35 AM [express] GET /api/chat/history 200 in 3ms
1:13:49 AM [express] GET /api/chat/history 200 in 2ms
1:13:54 AM [express] GET /api/linkedin/auth-url 200 in 0ms :: {"success":true,"authUrl":"https://www…
1:14:00 AM [express] GET /api/chat/history 200 in 2ms
1:14:44 AM [express] GET /api/linkedin/auth-url 200 in 1ms :: {"success":true,"authUrl":"https://www…
1:14:51 AM [express] GET /api/chat/history 200 in 3ms
1:15:43 AM [express] GET /api/linkedin/auth-url 200 in 2ms :: {"success":true,"authUrl":"https://www…
1:15:48 AM [express] GET /api/linkedin/auth-url 200 in 0ms :: {"success":true,"authUrl":"https://www…
1:15:56 AM [express] GET /api/linkedin/auth-url 200 in 0ms :: {"success":true,"authUrl":"https://www…
1:16:02 AM [express] GET /api/linkedin/auth-url 200 in 1ms :: {"success":true,"authUrl":"https://www…
1:16:21 AM [express] GET /api/linkedin/auth-url 200 in 1ms :: {"success":true,"authUrl":"https://www…
1:16:33 AM [express] GET /api/linkedin/auth-url 200 in 0ms :: {"success":true,"authUrl":"https://www…
1:16:38 AM [express] GET /api/linkedin/auth-url 200 in 1ms :: {"success":true,"authUrl":"https://www…
1:16:43 AM [express] GET /api/linkedin/auth-url 200 in 1ms :: {"success":true,"authUrl":"https://www…
1:16:58 AM [express] GET /api/linkedin/auth-url 200 in 1ms :: {"success":true,"authUrl":"https://www…
1:18:41 AM [express] GET /api/linkedin/auth-url 200 in 3ms :: {"success":true,"authUrl":"https://www…
1:19:49 AM [express] GET /api/auth/linkedin/callback 200 in 7ms
1:19:54 AM [express] GET /api/auth/linkedin/callback 200 in 4ms
1:20:06 AM [express] GET /api/auth/linkedin/callback 200 in 3ms
1:20:10 AM [express] GET /api/auth/linkedin/callback 200 in 3ms
1:20:15 AM [express] GET /api/auth/linkedin/callback 200 in 2ms
1:20:22 AM [express] GET /api/auth/linkedin/callback 200 in 4ms
1:21:05 AM [express] GET /api/auth/linkedin/callback 200 in 6ms
1:21:12 AM [express] GET /api/auth/linkedin/callback 200 in 2ms
